# JRE version: Java(TM) SE Runtime Environment (8.0_65-b17) (build 1.8.0_65-b17)
# Java VM: Java HotSpot(TM) Client VM (25.65-b01 mixed mode windows-x86 )
Heap:
 def new generation   total 8704K, used 8664K [0x04600000, 0x04f70000, 0x09b50000)
  eden space 7744K, 100% used [0x04600000, 0x04d90000, 0x04d90000)
  from space 960K,  95% used [0x04d90000, 0x04e76370, 0x04e80000)
  to   space 960K,   9% used [0x04e80000, 0x04e961a8, 0x04f70000)
 tenured generation   total 19276K, used 17880K [0x09b50000, 0x0ae23000, 0x14600000)
   the space 19276K,  92% used [0x09b50000, 0x0acc61d8, 0x0acc6200, 0x0ae23000)
 Metaspace       used 17029K, capacity 17184K, committed 17280K, reserved 17792K
GC Heap History (10 events):
Event: 6.568 GC heap before
{Heap before GC invocations=68 (full 2):
 def new generation   total 8704K, used 8559K [0x04600000, 0x04f70000, 0x09b50000)
  eden space 7744K, 100% used [0x04600000, 0x04d90000, 0x04d90000)
  from space 960K,  84% used [0x04e80000, 0x04f4bf20, 0x04f70000)
  to   space 960K,   0% used [0x04d90000, 0x04d90000, 0x04e80000)
 tenured generation   total 19276K, used 17461K [0x09b50000, 0x0ae23000, 0x14600000)
   the space 19276K,  90% used [0x09b50000, 0x0ac5d5e0, 0x0ac5d600, 0x0ae23000)
 Metaspace       used 16460K, capacity 16608K, committed 16768K, reserved 16768K
Event: 6.571 GC heap after
Heap after GC invocations=69 (full 2):
 def new generation   total 8704K, used 860K [0x04600000, 0x04f70000, 0x09b50000)
  eden space 7744K,   0% used [0x04600000, 0x04600000, 0x04d90000)
  from space 960K,  89% used [0x04d90000, 0x04e672d0, 0x04e80000)
  to   space 960K,   0% used [0x04e80000, 0x04e80000, 0x04f70000)
 tenured generation   total 19276K, used 17509K [0x09b50000, 0x0ae23000, 0x14600000)
   the space 19276K,  90% used [0x09b50000, 0x0ac69690, 0x0ac69800, 0x0ae23000)
 Metaspace       used 16460K, capacity 16608K, committed 16768K, reserved 16768K
}
Event: 6.625 GC heap before
{Heap before GC invocations=69 (full 2):
 def new generation   total 8704K, used 8604K [0x04600000, 0x04f70000, 0x09b50000)
  eden space 7744K, 100% used [0x04600000, 0x04d90000, 0x04d90000)
  from space 960K,  89% used [0x04d90000, 0x04e672d0, 0x04e80000)
  to   space 960K,   0% used [0x04e80000, 0x04e80000, 0x04f70000)
 tenured generation   total 19276K, used 17509K [0x09b50000, 0x0ae23000, 0x14600000)
   the space 19276K,  90% used [0x09b50000, 0x0ac69690, 0x0ac69800, 0x0ae23000)
 Metaspace       used 16464K, capacity 16608K, committed 16768K, reserved 16768K
Event: 6.627 GC heap after
Heap after GC invocations=70 (full 2):
 def new generation   total 8704K, used 779K [0x04600000, 0x04f70000, 0x09b50000)
  eden space 7744K,   0% used [0x04600000, 0x04600000, 0x04d90000)
  from space 960K,  81% used [0x04e80000, 0x04f42c98, 0x04f70000)
  to   space 960K,   0% used [0x04d90000, 0x04d90000, 0x04e80000)
 tenured generation   total 19276K, used 17626K [0x09b50000, 0x0ae23000, 0x14600000)
   the space 19276K,  91% used [0x09b50000, 0x0ac86b00, 0x0ac86c00, 0x0ae23000)
 Metaspace       used 16464K, capacity 16608K, committed 16768K, reserved 16768K
}
Event: 6.673 GC heap before
{Heap before GC invocations=70 (full 2):
 def new generation   total 8704K, used 8523K [0x04600000, 0x04f70000, 0x09b50000)
  eden space 7744K, 100% used [0x04600000, 0x04d90000, 0x04d90000)
  from space 960K,  81% used [0x04e80000, 0x04f42c98, 0x04f70000)
  to   space 960K,   0% used [0x04d90000, 0x04d90000, 0x04e80000)
 tenured generation   total 19276K, used 17626K [0x09b50000, 0x0ae23000, 0x14600000)
   the space 19276K,  91% used [0x09b50000, 0x0ac86b00, 0x0ac86c00, 0x0ae23000)
 Metaspace       used 16474K, capacity 16640K, committed 16768K, reserved 16768K
Event: 6.676 GC heap after
Heap after GC invocations=71 (full 2):
 def new generation   total 8704K, used 885K [0x04600000, 0x04f70000, 0x09b50000)
  eden space 7744K,   0% used [0x04600000, 0x04600000, 0x04d90000)
  from space 960K,  92% used [0x04d90000, 0x04e6d648, 0x04e80000)
  to   space 960K,   0% used [0x04e80000, 0x04e80000, 0x04f70000)
 tenured generation   total 19276K, used 17712K [0x09b50000, 0x0ae23000, 0x14600000)
   the space 19276K,  91% used [0x09b50000, 0x0ac9c3b8, 0x0ac9c400, 0x0ae23000)
 Metaspace       used 16474K, capacity 16640K, committed 16768K, reserved 16768K
}
Event: 6.732 GC heap before
{Heap before GC invocations=71 (full 2):
 def new generation   total 8704K, used 8629K [0x04600000, 0x04f70000, 0x09b50000)
  eden space 7744K, 100% used [0x04600000, 0x04d90000, 0x04d90000)
  from space 960K,  92% used [0x04d90000, 0x04e6d648, 0x04e80000)
  to   space 960K,   0% used [0x04e80000, 0x04e80000, 0x04f70000)
 tenured generation   total 19276K, used 17712K [0x09b50000, 0x0ae23000, 0x14600000)
   the space 19276K,  91% used [0x09b50000, 0x0ac9c3b8, 0x0ac9c400, 0x0ae23000)
 Metaspace       used 16501K, capacity 16672K, committed 16768K, reserved 16768K
Event: 6.735 GC heap after
Heap after GC invocations=72 (full 2):
 def new generation   total 8704K, used 903K [0x04600000, 0x04f70000, 0x09b50000)
  eden space 7744K,   0% used [0x04600000, 0x04600000, 0x04d90000)
  from space 960K,  94% used [0x04e80000, 0x04f61c80, 0x04f70000)
  to   space 960K,   0% used [0x04d90000, 0x04d90000, 0x04e80000)
 tenured generation   total 19276K, used 17791K [0x09b50000, 0x0ae23000, 0x14600000)
   the space 19276K,  92% used [0x09b50000, 0x0acaff08, 0x0acb0000, 0x0ae23000)
 Metaspace       used 16501K, capacity 16672K, committed 16768K, reserved 16768K
}
Event: 6.791 GC heap before
{Heap before GC invocations=72 (full 2):
 def new generation   total 8704K, used 8647K [0x04600000, 0x04f70000, 0x09b50000)
  eden space 7744K, 100% used [0x04600000, 0x04d90000, 0x04d90000)
  from space 960K,  94% used [0x04e80000, 0x04f61c80, 0x04f70000)
  to   space 960K,   0% used [0x04d90000, 0x04d90000, 0x04e80000)
 tenured generation   total 19276K, used 17791K [0x09b50000, 0x0ae23000, 0x14600000)
   the space 19276K,  92% used [0x09b50000, 0x0acaff08, 0x0acb0000, 0x0ae23000)
 Metaspace       used 16511K, capacity 16672K, committed 16768K, reserved 16768K
Event: 6.793 GC heap after
Heap after GC invocations=73 (full 2):
 def new generation   total 8704K, used 920K [0x04600000, 0x04f70000, 0x09b50000)
  eden space 7744K,   0% used [0x04600000, 0x04600000, 0x04d90000)
  from space 960K,  95% used [0x04d90000, 0x04e76370, 0x04e80000)
  to   space 960K,   0% used [0x04e80000, 0x04e80000, 0x04f70000)
 tenured generation   total 19276K, used 17874K [0x09b50000, 0x0ae23000, 0x14600000)
   the space 19276K,  92% used [0x09b50000, 0x0acc48d8, 0x0acc4a00, 0x0ae23000)
 Metaspace       used 16511K, capacity 16672K, committed 16768K, reserved 16768K
}

