# JRE version: Java(TM) SE Runtime Environment (8.0_65-b17) (build 1.8.0_65-b17)
# Java VM: Java HotSpot(TM) Client VM (25.65-b01 mixed mode windows-x86 )
Heap:
 def new generation   total 6400K, used 3893K [0x04a00000, 0x050f0000, 0x09f50000)
  eden space 5696K,  55% used [0x04a00000, 0x04d1d680, 0x04f90000)
  from space 704K, 100% used [0x04f90000, 0x05040000, 0x05040000)
  to   space 704K,   0% used [0x05040000, 0x05040000, 0x050f0000)
 tenured generation   total 20628K, used 19627K [0x09f50000, 0x0b375000, 0x14a00000)
   the space 20628K,  95% used [0x09f50000, 0x0b27aed8, 0x0b27b000, 0x0b375000)
 Metaspace       used 17057K, capacity 17216K, committed 17408K, reserved 17792K
GC Heap History (10 events):
Event: 6.108 GC heap before
{Heap before GC invocations=76 (full 2):
 def new generation   total 6400K, used 6162K [0x04a00000, 0x050f0000, 0x09f50000)
  eden space 5696K, 100% used [0x04a00000, 0x04f90000, 0x04f90000)
  from space 704K,  66% used [0x04f90000, 0x05004a10, 0x05040000)
  to   space 704K,   0% used [0x05040000, 0x05040000, 0x050f0000)
 tenured generation   total 20628K, used 19036K [0x09f50000, 0x0b375000, 0x14a00000)
   the space 20628K,  92% used [0x09f50000, 0x0b1e7208, 0x0b1e7400, 0x0b375000)
 Metaspace       used 16470K, capacity 16640K, committed 16768K, reserved 16768K
Event: 6.110 GC heap after
Heap after GC invocations=77 (full 2):
 def new generation   total 6400K, used 679K [0x04a00000, 0x050f0000, 0x09f50000)
  eden space 5696K,   0% used [0x04a00000, 0x04a00000, 0x04f90000)
  from space 704K,  96% used [0x05040000, 0x050e9f08, 0x050f0000)
  to   space 704K,   0% used [0x04f90000, 0x04f90000, 0x05040000)
 tenured generation   total 20628K, used 19105K [0x09f50000, 0x0b375000, 0x14a00000)
   the space 20628K,  92% used [0x09f50000, 0x0b1f84e8, 0x0b1f8600, 0x0b375000)
 Metaspace       used 16470K, capacity 16640K, committed 16768K, reserved 16768K
}
Event: 6.142 GC heap before
{Heap before GC invocations=77 (full 2):
 def new generation   total 6400K, used 6375K [0x04a00000, 0x050f0000, 0x09f50000)
  eden space 5696K, 100% used [0x04a00000, 0x04f90000, 0x04f90000)
  from space 704K,  96% used [0x05040000, 0x050e9f08, 0x050f0000)
  to   space 704K,   0% used [0x04f90000, 0x04f90000, 0x05040000)
 tenured generation   total 20628K, used 19105K [0x09f50000, 0x0b375000, 0x14a00000)
   the space 20628K,  92% used [0x09f50000, 0x0b1f84e8, 0x0b1f8600, 0x0b375000)
 Metaspace       used 16477K, capacity 16640K, committed 16768K, reserved 16768K
Event: 6.144 GC heap after
Heap after GC invocations=78 (full 2):
 def new generation   total 6400K, used 689K [0x04a00000, 0x050f0000, 0x09f50000)
  eden space 5696K,   0% used [0x04a00000, 0x04a00000, 0x04f90000)
  from space 704K,  97% used [0x04f90000, 0x0503c4c0, 0x05040000)
  to   space 704K,   0% used [0x05040000, 0x05040000, 0x050f0000)
 tenured generation   total 20628K, used 19148K [0x09f50000, 0x0b375000, 0x14a00000)
   the space 20628K,  92% used [0x09f50000, 0x0b203250, 0x0b203400, 0x0b375000)
 Metaspace       used 16477K, capacity 16640K, committed 16768K, reserved 16768K
}
Event: 6.183 GC heap before
{Heap before GC invocations=78 (full 2):
 def new generation   total 6400K, used 6385K [0x04a00000, 0x050f0000, 0x09f50000)
  eden space 5696K, 100% used [0x04a00000, 0x04f90000, 0x04f90000)
  from space 704K,  97% used [0x04f90000, 0x0503c4c0, 0x05040000)
  to   space 704K,   0% used [0x05040000, 0x05040000, 0x050f0000)
 tenured generation   total 20628K, used 19148K [0x09f50000, 0x0b375000, 0x14a00000)
   the space 20628K,  92% used [0x09f50000, 0x0b203250, 0x0b203400, 0x0b375000)
 Metaspace       used 16500K, capacity 16672K, committed 16768K, reserved 16768K
Event: 6.185 GC heap after
Heap after GC invocations=79 (full 2):
 def new generation   total 6400K, used 652K [0x04a00000, 0x050f0000, 0x09f50000)
  eden space 5696K,   0% used [0x04a00000, 0x04a00000, 0x04f90000)
  from space 704K,  92% used [0x05040000, 0x050e3350, 0x050f0000)
  to   space 704K,   0% used [0x04f90000, 0x04f90000, 0x05040000)
 tenured generation   total 20628K, used 19220K [0x09f50000, 0x0b375000, 0x14a00000)
   the space 20628K,  93% used [0x09f50000, 0x0b2150c8, 0x0b215200, 0x0b375000)
 Metaspace       used 16500K, capacity 16672K, committed 16768K, reserved 16768K
}
Event: 6.221 GC heap before
{Heap before GC invocations=79 (full 2):
 def new generation   total 6400K, used 6348K [0x04a00000, 0x050f0000, 0x09f50000)
  eden space 5696K, 100% used [0x04a00000, 0x04f90000, 0x04f90000)
  from space 704K,  92% used [0x05040000, 0x050e3350, 0x050f0000)
  to   space 704K,   0% used [0x04f90000, 0x04f90000, 0x05040000)
 tenured generation   total 20628K, used 19220K [0x09f50000, 0x0b375000, 0x14a00000)
   the space 20628K,  93% used [0x09f50000, 0x0b2150c8, 0x0b215200, 0x0b375000)
 Metaspace       used 16500K, capacity 16672K, committed 16768K, reserved 16768K
Event: 6.223 GC heap after
Heap after GC invocations=80 (full 2):
 def new generation   total 6400K, used 650K [0x04a00000, 0x050f0000, 0x09f50000)
  eden space 5696K,   0% used [0x04a00000, 0x04a00000, 0x04f90000)
  from space 704K,  92% used [0x04f90000, 0x05032828, 0x05040000)
  to   space 704K,   0% used [0x05040000, 0x05040000, 0x050f0000)
 tenured generation   total 20628K, used 19310K [0x09f50000, 0x0b375000, 0x14a00000)
   the space 20628K,  93% used [0x09f50000, 0x0b22b998, 0x0b22ba00, 0x0b375000)
 Metaspace       used 16500K, capacity 16672K, committed 16768K, reserved 16768K
}
Event: 6.260 GC heap before
{Heap before GC invocations=80 (full 2):
 def new generation   total 6400K, used 6346K [0x04a00000, 0x050f0000, 0x09f50000)
  eden space 5696K, 100% used [0x04a00000, 0x04f90000, 0x04f90000)
  from space 704K,  92% used [0x04f90000, 0x05032828, 0x05040000)
  to   space 704K,   0% used [0x05040000, 0x05040000, 0x050f0000)
 tenured generation   total 20628K, used 19310K [0x09f50000, 0x0b375000, 0x14a00000)
   the space 20628K,  93% used [0x09f50000, 0x0b22b998, 0x0b22ba00, 0x0b375000)
 Metaspace       used 16536K, capacity 16704K, committed 16896K, reserved 17792K
Event: 6.262 GC heap after
Heap after GC invocations=81 (full 2):
 def new generation   total 6400K, used 391K [0x04a00000, 0x050f0000, 0x09f50000)
  eden space 5696K,   0% used [0x04a00000, 0x04a00000, 0x04f90000)
  from space 704K,  55% used [0x05040000, 0x050a1f68, 0x050f0000)
  to   space 704K,   0% used [0x04f90000, 0x04f90000, 0x05040000)
 tenured generation   total 20628K, used 19426K [0x09f50000, 0x0b375000, 0x14a00000)
   the space 20628K,  94% used [0x09f50000, 0x0b248bd0, 0x0b248c00, 0x0b375000)
 Metaspace       used 16536K, capacity 16704K, committed 16896K, reserved 17792K
}

